2024-09-15 02:25:56,947 [Worker-5: Loading available Gradle versions] INFO  o.e.b.c.i.u.g.PublishedGradleVersions - Gradle version information cache is up-to-date. Trying to read.
2024-09-15 02:34:21,607 [Worker-5: Loading available Gradle versions] INFO  o.e.b.c.i.u.g.PublishedGradleVersions - Gradle version information cache is up-to-date. Trying to read.
2024-09-15 02:37:40,454 [Worker-8: Building] INFO  o.e.m.c.i.l.LifecycleMappingFactory - Using org.eclipse.m2e.jdt.JarLifecycleMapping lifecycle mapping for MavenProject: com.example:proyectos_uts:1 @ C:\Users\gabo\Documents\UTS\semestre 5\Programación en java\Tercer Corte\parcial\proyectos_uts\pom.xml.
2024-09-15 02:37:44,819 [Worker-8: Building] INFO  o.a.m.s.f.DefaultMavenResourcesFiltering - Copying 1 resource from src\main\resources to target\classes
2024-09-15 02:37:44,886 [Worker-8: Building] INFO  o.a.m.s.f.DefaultMavenResourcesFiltering - Copying 19 resources from src\main\resources to target\classes
2024-09-15 02:37:45,007 [Worker-8: Building] INFO  o.a.m.s.f.DefaultMavenResourcesFiltering - skip non existing resourceDirectory C:\Users\gabo\Documents\UTS\semestre 5\Programación en java\Tercer Corte\parcial\proyectos_uts\src\test\resources
2024-09-15 02:37:47,466 [Worker-8: Building] INFO  o.a.m.s.f.DefaultMavenResourcesFiltering - Copying 1 resource from src\main\resources to target\classes
2024-09-15 02:37:47,477 [Worker-8: Building] INFO  o.a.m.s.f.DefaultMavenResourcesFiltering - Copying 19 resources from src\main\resources to target\classes
2024-09-15 02:37:47,629 [Worker-8: Building] INFO  o.a.m.s.f.DefaultMavenResourcesFiltering - skip non existing resourceDirectory C:\Users\gabo\Documents\UTS\semestre 5\Programación en java\Tercer Corte\parcial\proyectos_uts\src\test\resources
2024-09-16 02:56:01,720 [Worker-6: Loading available Gradle versions] INFO  o.e.b.c.i.u.g.PublishedGradleVersions - Gradle version information cache is out-of-date. Trying to update.
2024-09-16 02:59:43,153 [Worker-12: Building] INFO  o.a.m.s.f.DefaultMavenResourcesFiltering - Copying 1 resource from src\main\resources to target\classes
2024-09-16 02:59:43,180 [Worker-12: Building] INFO  o.a.m.s.f.DefaultMavenResourcesFiltering - Copying 19 resources from src\main\resources to target\classes
2024-09-16 02:59:43,207 [Worker-12: Building] INFO  o.a.m.s.f.DefaultMavenResourcesFiltering - skip non existing resourceDirectory C:\Users\gabo\Documents\UTS\semestre 5\Programación en java\Tercer Corte\parcial\proyectos_uts\src\test\resources
2024-09-16 03:03:03,484 [main] INFO  o.e.m2e.actions.ExecutePomAction - Creating new launch configuration
2024-09-16 03:03:09,397 [Worker-12: Launching proyectos_uts] INFO  o.eclipse.m2e.core.internal.Bundles - getClasspathEntries(Bundle=org.eclipse.m2e.maven.runtime_3.9.600.20231203-1234 [354])
2024-09-16 03:03:09,399 [Worker-12: Launching proyectos_uts] INFO  o.eclipse.m2e.core.internal.Bundles - 	Entry: C:\sts-4.22.0.RELEASE\plugins\org.eclipse.m2e.maven.runtime_3.9.600.20231203-1234
2024-09-16 03:03:09,400 [Worker-12: Launching proyectos_uts] INFO  o.eclipse.m2e.core.internal.Bundles - 	Entry: C:\sts-4.22.0.RELEASE\plugins\org.eclipse.m2e.maven.runtime_3.9.600.20231203-1234\jars\aopalliance-1.0.jar
2024-09-16 03:03:09,400 [Worker-12: Launching proyectos_uts] INFO  o.eclipse.m2e.core.internal.Bundles - 	Entry: C:\sts-4.22.0.RELEASE\plugins\org.eclipse.m2e.maven.runtime_3.9.600.20231203-1234\jars\guice-5.1.0.jar
2024-09-16 03:03:09,400 [Worker-12: Launching proyectos_uts] INFO  o.eclipse.m2e.core.internal.Bundles - 	Entry: C:\sts-4.22.0.RELEASE\plugins\org.eclipse.m2e.maven.runtime_3.9.600.20231203-1234\jars\httpclient-4.5.14.jar
2024-09-16 03:03:09,400 [Worker-12: Launching proyectos_uts] INFO  o.eclipse.m2e.core.internal.Bundles - 	Entry: C:\sts-4.22.0.RELEASE\plugins\org.eclipse.m2e.maven.runtime_3.9.600.20231203-1234\jars\httpcore-4.4.16.jar
2024-09-16 03:03:09,401 [Worker-12: Launching proyectos_uts] INFO  o.eclipse.m2e.core.internal.Bundles - 	Entry: C:\sts-4.22.0.RELEASE\plugins\org.eclipse.m2e.maven.runtime_3.9.600.20231203-1234\jars\jansi-2.4.0.jar
2024-09-16 03:03:09,401 [Worker-12: Launching proyectos_uts] INFO  o.eclipse.m2e.core.internal.Bundles - 	Entry: C:\sts-4.22.0.RELEASE\plugins\org.eclipse.m2e.maven.runtime_3.9.600.20231203-1234\jars\jcl-over-slf4j-1.7.36.jar
2024-09-16 03:03:09,401 [Worker-12: Launching proyectos_uts] INFO  o.eclipse.m2e.core.internal.Bundles - 	Entry: C:\sts-4.22.0.RELEASE\plugins\org.eclipse.m2e.maven.runtime_3.9.600.20231203-1234\jars\maven-artifact-3.9.6.jar
2024-09-16 03:03:09,402 [Worker-12: Launching proyectos_uts] INFO  o.eclipse.m2e.core.internal.Bundles - 	Entry: C:\sts-4.22.0.RELEASE\plugins\org.eclipse.m2e.maven.runtime_3.9.600.20231203-1234\jars\maven-builder-support-3.9.6.jar
2024-09-16 03:03:09,402 [Worker-12: Launching proyectos_uts] INFO  o.eclipse.m2e.core.internal.Bundles - 	Entry: C:\sts-4.22.0.RELEASE\plugins\org.eclipse.m2e.maven.runtime_3.9.600.20231203-1234\jars\maven-compat-3.9.6.jar
2024-09-16 03:03:09,402 [Worker-12: Launching proyectos_uts] INFO  o.eclipse.m2e.core.internal.Bundles - 	Entry: C:\sts-4.22.0.RELEASE\plugins\org.eclipse.m2e.maven.runtime_3.9.600.20231203-1234\jars\maven-core-3.9.6.jar
2024-09-16 03:03:09,402 [Worker-12: Launching proyectos_uts] INFO  o.eclipse.m2e.core.internal.Bundles - 	Entry: C:\sts-4.22.0.RELEASE\plugins\org.eclipse.m2e.maven.runtime_3.9.600.20231203-1234\jars\maven-embedder-3.9.6.jar
2024-09-16 03:03:09,403 [Worker-12: Launching proyectos_uts] INFO  o.eclipse.m2e.core.internal.Bundles - 	Entry: C:\sts-4.22.0.RELEASE\plugins\org.eclipse.m2e.maven.runtime_3.9.600.20231203-1234\jars\maven-model-3.9.6.jar
2024-09-16 03:03:09,403 [Worker-12: Launching proyectos_uts] INFO  o.eclipse.m2e.core.internal.Bundles - 	Entry: C:\sts-4.22.0.RELEASE\plugins\org.eclipse.m2e.maven.runtime_3.9.600.20231203-1234\jars\maven-model-builder-3.9.6.jar
2024-09-16 03:03:09,403 [Worker-12: Launching proyectos_uts] INFO  o.eclipse.m2e.core.internal.Bundles - 	Entry: C:\sts-4.22.0.RELEASE\plugins\org.eclipse.m2e.maven.runtime_3.9.600.20231203-1234\jars\maven-plugin-api-3.9.6.jar
2024-09-16 03:03:09,403 [Worker-12: Launching proyectos_uts] INFO  o.eclipse.m2e.core.internal.Bundles - 	Entry: C:\sts-4.22.0.RELEASE\plugins\org.eclipse.m2e.maven.runtime_3.9.600.20231203-1234\jars\maven-repository-metadata-3.9.6.jar
2024-09-16 03:03:09,404 [Worker-12: Launching proyectos_uts] INFO  o.eclipse.m2e.core.internal.Bundles - 	Entry: C:\sts-4.22.0.RELEASE\plugins\org.eclipse.m2e.maven.runtime_3.9.600.20231203-1234\jars\maven-resolver-api-1.9.18.jar
2024-09-16 03:03:09,404 [Worker-12: Launching proyectos_uts] INFO  o.eclipse.m2e.core.internal.Bundles - 	Entry: C:\sts-4.22.0.RELEASE\plugins\org.eclipse.m2e.maven.runtime_3.9.600.20231203-1234\jars\maven-resolver-connector-basic-1.9.18.jar
2024-09-16 03:03:09,404 [Worker-12: Launching proyectos_uts] INFO  o.eclipse.m2e.core.internal.Bundles - 	Entry: C:\sts-4.22.0.RELEASE\plugins\org.eclipse.m2e.maven.runtime_3.9.600.20231203-1234\jars\maven-resolver-impl-1.9.18.jar
2024-09-16 03:03:09,404 [Worker-12: Launching proyectos_uts] INFO  o.eclipse.m2e.core.internal.Bundles - 	Entry: C:\sts-4.22.0.RELEASE\plugins\org.eclipse.m2e.maven.runtime_3.9.600.20231203-1234\jars\maven-resolver-named-locks-1.9.18.jar
2024-09-16 03:03:09,405 [Worker-12: Launching proyectos_uts] INFO  o.eclipse.m2e.core.internal.Bundles - 	Entry: C:\sts-4.22.0.RELEASE\plugins\org.eclipse.m2e.maven.runtime_3.9.600.20231203-1234\jars\maven-resolver-provider-3.9.6.jar
2024-09-16 03:03:09,405 [Worker-12: Launching proyectos_uts] INFO  o.eclipse.m2e.core.internal.Bundles - 	Entry: C:\sts-4.22.0.RELEASE\plugins\org.eclipse.m2e.maven.runtime_3.9.600.20231203-1234\jars\maven-resolver-spi-1.9.18.jar
2024-09-16 03:03:09,405 [Worker-12: Launching proyectos_uts] INFO  o.eclipse.m2e.core.internal.Bundles - 	Entry: C:\sts-4.22.0.RELEASE\plugins\org.eclipse.m2e.maven.runtime_3.9.600.20231203-1234\jars\maven-resolver-transport-file-1.9.18.jar
2024-09-16 03:03:09,405 [Worker-12: Launching proyectos_uts] INFO  o.eclipse.m2e.core.internal.Bundles - 	Entry: C:\sts-4.22.0.RELEASE\plugins\org.eclipse.m2e.maven.runtime_3.9.600.20231203-1234\jars\maven-resolver-transport-http-1.9.18.jar
2024-09-16 03:03:09,405 [Worker-12: Launching proyectos_uts] INFO  o.eclipse.m2e.core.internal.Bundles - 	Entry: C:\sts-4.22.0.RELEASE\plugins\org.eclipse.m2e.maven.runtime_3.9.600.20231203-1234\jars\maven-resolver-transport-wagon-1.9.18.jar
2024-09-16 03:03:09,406 [Worker-12: Launching proyectos_uts] INFO  o.eclipse.m2e.core.internal.Bundles - 	Entry: C:\sts-4.22.0.RELEASE\plugins\org.eclipse.m2e.maven.runtime_3.9.600.20231203-1234\jars\maven-resolver-util-1.9.18.jar
2024-09-16 03:03:09,406 [Worker-12: Launching proyectos_uts] INFO  o.eclipse.m2e.core.internal.Bundles - 	Entry: C:\sts-4.22.0.RELEASE\plugins\org.eclipse.m2e.maven.runtime_3.9.600.20231203-1234\jars\maven-settings-3.9.6.jar
2024-09-16 03:03:09,406 [Worker-12: Launching proyectos_uts] INFO  o.eclipse.m2e.core.internal.Bundles - 	Entry: C:\sts-4.22.0.RELEASE\plugins\org.eclipse.m2e.maven.runtime_3.9.600.20231203-1234\jars\maven-settings-builder-3.9.6.jar
2024-09-16 03:03:09,406 [Worker-12: Launching proyectos_uts] INFO  o.eclipse.m2e.core.internal.Bundles - 	Entry: C:\sts-4.22.0.RELEASE\plugins\org.eclipse.m2e.maven.runtime_3.9.600.20231203-1234\jars\maven-shared-utils-3.3.4.jar
2024-09-16 03:03:09,407 [Worker-12: Launching proyectos_uts] INFO  o.eclipse.m2e.core.internal.Bundles - 	Entry: C:\sts-4.22.0.RELEASE\plugins\org.eclipse.m2e.maven.runtime_3.9.600.20231203-1234\jars\org.eclipse.sisu.inject-0.9.0.M2.jar
2024-09-16 03:03:09,407 [Worker-12: Launching proyectos_uts] INFO  o.eclipse.m2e.core.internal.Bundles - 	Entry: C:\sts-4.22.0.RELEASE\plugins\org.eclipse.m2e.maven.runtime_3.9.600.20231203-1234\jars\org.eclipse.sisu.plexus-0.9.0.M2.jar
2024-09-16 03:03:09,407 [Worker-12: Launching proyectos_uts] INFO  o.eclipse.m2e.core.internal.Bundles - 	Entry: C:\sts-4.22.0.RELEASE\plugins\org.eclipse.m2e.maven.runtime_3.9.600.20231203-1234\jars\plexus-build-api-0.0.7.jar
2024-09-16 03:03:09,407 [Worker-12: Launching proyectos_uts] INFO  o.eclipse.m2e.core.internal.Bundles - 	Entry: C:\sts-4.22.0.RELEASE\plugins\org.eclipse.m2e.maven.runtime_3.9.600.20231203-1234\jars\plexus-cipher-2.0.jar
2024-09-16 03:03:09,408 [Worker-12: Launching proyectos_uts] INFO  o.eclipse.m2e.core.internal.Bundles - 	Entry: C:\sts-4.22.0.RELEASE\plugins\org.eclipse.m2e.maven.runtime_3.9.600.20231203-1234\jars\plexus-classworlds-2.7.0.jar
2024-09-16 03:03:09,408 [Worker-12: Launching proyectos_uts] INFO  o.eclipse.m2e.core.internal.Bundles - 	Entry: C:\sts-4.22.0.RELEASE\plugins\org.eclipse.m2e.maven.runtime_3.9.600.20231203-1234\jars\plexus-component-annotations-2.1.0.jar
2024-09-16 03:03:09,408 [Worker-12: Launching proyectos_uts] INFO  o.eclipse.m2e.core.internal.Bundles - 	Entry: C:\sts-4.22.0.RELEASE\plugins\org.eclipse.m2e.maven.runtime_3.9.600.20231203-1234\jars\plexus-interpolation-1.26.jar
2024-09-16 03:03:09,409 [Worker-12: Launching proyectos_uts] INFO  o.eclipse.m2e.core.internal.Bundles - 	Entry: C:\sts-4.22.0.RELEASE\plugins\org.eclipse.m2e.maven.runtime_3.9.600.20231203-1234\jars\plexus-sec-dispatcher-2.0.jar
2024-09-16 03:03:09,410 [Worker-12: Launching proyectos_uts] INFO  o.eclipse.m2e.core.internal.Bundles - 	Entry: C:\sts-4.22.0.RELEASE\plugins\org.eclipse.m2e.maven.runtime_3.9.600.20231203-1234\jars\plexus-utils-3.5.1.jar
2024-09-16 03:03:09,410 [Worker-12: Launching proyectos_uts] INFO  o.eclipse.m2e.core.internal.Bundles - 	Entry: C:\sts-4.22.0.RELEASE\plugins\org.eclipse.m2e.maven.runtime_3.9.600.20231203-1234\jars\wagon-file-3.5.3.jar
2024-09-16 03:03:09,411 [Worker-12: Launching proyectos_uts] INFO  o.eclipse.m2e.core.internal.Bundles - 	Entry: C:\sts-4.22.0.RELEASE\plugins\org.eclipse.m2e.maven.runtime_3.9.600.20231203-1234\jars\wagon-http-3.5.3.jar
2024-09-16 03:03:09,411 [Worker-12: Launching proyectos_uts] INFO  o.eclipse.m2e.core.internal.Bundles - 	Entry: C:\sts-4.22.0.RELEASE\plugins\org.eclipse.m2e.maven.runtime_3.9.600.20231203-1234\jars\wagon-http-shared-3.5.3.jar
2024-09-16 03:03:09,411 [Worker-12: Launching proyectos_uts] INFO  o.eclipse.m2e.core.internal.Bundles - 	Entry: C:\sts-4.22.0.RELEASE\plugins\org.eclipse.m2e.maven.runtime_3.9.600.20231203-1234\jars\wagon-provider-api-3.5.3.jar
2024-09-16 03:03:09,413 [Worker-12: Launching proyectos_uts] INFO  o.eclipse.m2e.core.internal.Bundles - getClasspathEntries(Bundle=com.google.guava_33.0.0.jre [27])
2024-09-16 03:03:09,414 [Worker-12: Launching proyectos_uts] INFO  o.eclipse.m2e.core.internal.Bundles - 	Entry: C:\sts-4.22.0.RELEASE\plugins\com.google.guava_33.0.0.jre.jar
2024-09-16 03:03:09,414 [Worker-12: Launching proyectos_uts] INFO  o.eclipse.m2e.core.internal.Bundles - getClasspathEntries(Bundle=slf4j.api_2.0.12 [583])
2024-09-16 03:03:09,415 [Worker-12: Launching proyectos_uts] INFO  o.eclipse.m2e.core.internal.Bundles - 	Entry: C:\sts-4.22.0.RELEASE\plugins\slf4j.api_2.0.12.jar
2024-09-16 03:03:09,415 [Worker-12: Launching proyectos_uts] INFO  o.eclipse.m2e.core.internal.Bundles - getClasspathEntries(Bundle=jakarta.inject.jakarta.inject-api_1.0.5 [44])
2024-09-16 03:03:09,415 [Worker-12: Launching proyectos_uts] INFO  o.eclipse.m2e.core.internal.Bundles - 	Entry: C:\sts-4.22.0.RELEASE\plugins\jakarta.inject.jakarta.inject-api_1.0.5.jar
2024-09-16 03:03:09,415 [Worker-12: Launching proyectos_uts] INFO  o.eclipse.m2e.core.internal.Bundles - getClasspathEntries(Bundle=jakarta.annotation-api_1.3.5 [40])
2024-09-16 03:03:09,415 [Worker-12: Launching proyectos_uts] INFO  o.eclipse.m2e.core.internal.Bundles - 	Entry: C:\sts-4.22.0.RELEASE\plugins\jakarta.annotation-api_1.3.5.jar
2024-09-16 03:03:09,416 [Worker-12: Launching proyectos_uts] INFO  o.eclipse.m2e.core.internal.Bundles - getClasspathEntries(Bundle=org.apache.commons.cli_1.6.0 [75])
2024-09-16 03:03:09,416 [Worker-12: Launching proyectos_uts] INFO  o.eclipse.m2e.core.internal.Bundles - 	Entry: C:\sts-4.22.0.RELEASE\plugins\org.apache.commons.cli_1.6.0.jar
2024-09-16 03:03:09,416 [Worker-12: Launching proyectos_uts] INFO  o.eclipse.m2e.core.internal.Bundles - getClasspathEntries(Bundle=org.apache.commons.commons-codec_1.16.0 [77])
2024-09-16 03:03:09,416 [Worker-12: Launching proyectos_uts] INFO  o.eclipse.m2e.core.internal.Bundles - 	Entry: C:\sts-4.22.0.RELEASE\plugins\org.apache.commons.commons-codec_1.16.0.jar
2024-09-16 03:03:09,416 [Worker-12: Launching proyectos_uts] INFO  o.eclipse.m2e.core.internal.Bundles - getClasspathEntries(Bundle=org.apache.commons.lang3_3.14.0 [81])
2024-09-16 03:03:09,417 [Worker-12: Launching proyectos_uts] INFO  o.eclipse.m2e.core.internal.Bundles - 	Entry: C:\sts-4.22.0.RELEASE\plugins\org.apache.commons.lang3_3.14.0.jar
2024-09-16 03:03:09,417 [Worker-12: Launching proyectos_uts] INFO  o.eclipse.m2e.core.internal.Bundles - getClasspathEntries(Bundle=com.google.guava.failureaccess_1.0.2 [29])
2024-09-16 03:03:09,417 [Worker-12: Launching proyectos_uts] INFO  o.eclipse.m2e.core.internal.Bundles - 	Entry: C:\sts-4.22.0.RELEASE\plugins\com.google.guava.failureaccess_1.0.2.jar
2024-09-16 03:03:09,422 [Worker-12: Launching proyectos_uts] INFO  o.e.m.i.launch.MavenLaunchDelegate - Run build in "C:\Users\gabo\Documents\UTS\semestre 5\Programación en java\Tercer Corte\parcial\proyectos_uts":
2024-09-16 03:03:09,428 [Worker-12: Launching proyectos_uts] INFO  o.e.m.i.launch.MavenLaunchDelegate -  mvn  -Ppom.xml -B -Dstyle.color=always package
